mode: count
github.com/LMaxence/gookme/packages/test-helpers/helpers.go:10.36,13.16 2 0
github.com/LMaxence/gookme/packages/test-helpers/helpers.go:13.16,15.3 1 0
github.com/LMaxence/gookme/packages/test-helpers/helpers.go:17.2,25.16 6 0
github.com/LMaxence/gookme/packages/test-helpers/helpers.go:25.16,27.3 1 0
github.com/LMaxence/gookme/packages/test-helpers/helpers.go:29.2,29.18 1 0
github.com/LMaxence/gookme/packages/test-helpers/helpers.go:32.59,35.16 2 0
github.com/LMaxence/gookme/packages/test-helpers/helpers.go:35.16,37.3 1 0
github.com/LMaxence/gookme/packages/test-helpers/helpers.go:39.2,41.16 3 0
github.com/LMaxence/gookme/packages/test-helpers/helpers.go:41.16,43.3 1 0
github.com/LMaxence/gookme/packages/test-helpers/helpers.go:44.2,47.12 3 0
github.com/LMaxence/gookme/packages/configuration/configuration.go:21.62,26.2 2 1
github.com/LMaxence/gookme/packages/configuration/loader.go:22.84,24.16 2 3
github.com/LMaxence/gookme/packages/configuration/loader.go:24.16,26.3 1 0
github.com/LMaxence/gookme/packages/configuration/loader.go:28.2,28.23 1 3
github.com/LMaxence/gookme/packages/configuration/loader.go:28.23,30.3 1 1
github.com/LMaxence/gookme/packages/configuration/loader.go:32.2,36.16 3 2
github.com/LMaxence/gookme/packages/configuration/loader.go:36.16,38.3 1 0
github.com/LMaxence/gookme/packages/configuration/loader.go:40.2,42.16 3 2
github.com/LMaxence/gookme/packages/configuration/loader.go:42.16,44.3 1 0
github.com/LMaxence/gookme/packages/configuration/loader.go:46.2,46.21 1 2
github.com/LMaxence/gookme/packages/configuration/loader.go:49.82,52.16 3 4
github.com/LMaxence/gookme/packages/configuration/loader.go:52.16,54.3 1 0
github.com/LMaxence/gookme/packages/configuration/loader.go:56.2,58.32 2 4
github.com/LMaxence/gookme/packages/configuration/loader.go:58.32,61.17 3 3
github.com/LMaxence/gookme/packages/configuration/loader.go:61.17,63.4 1 0
github.com/LMaxence/gookme/packages/configuration/loader.go:65.3,67.17 3 3
github.com/LMaxence/gookme/packages/configuration/loader.go:67.17,69.4 1 0
github.com/LMaxence/gookme/packages/configuration/loader.go:71.3,74.5 1 3
github.com/LMaxence/gookme/packages/configuration/loader.go:77.2,77.19 1 4
github.com/LMaxence/gookme/packages/configuration/loader.go:80.91,82.16 2 1
github.com/LMaxence/gookme/packages/configuration/loader.go:82.16,84.3 1 0
github.com/LMaxence/gookme/packages/configuration/loader.go:86.2,87.16 2 1
github.com/LMaxence/gookme/packages/configuration/loader.go:87.16,89.3 1 0
github.com/LMaxence/gookme/packages/configuration/loader.go:91.2,94.8 1 1
github.com/LMaxence/gookme/packages/test-helpers/helpers.go:10.36,13.16 2 6
github.com/LMaxence/gookme/packages/test-helpers/helpers.go:13.16,15.3 1 0
github.com/LMaxence/gookme/packages/test-helpers/helpers.go:17.2,25.16 6 6
github.com/LMaxence/gookme/packages/test-helpers/helpers.go:25.16,27.3 1 0
github.com/LMaxence/gookme/packages/test-helpers/helpers.go:29.2,29.18 1 6
github.com/LMaxence/gookme/packages/test-helpers/helpers.go:32.59,35.16 2 5
github.com/LMaxence/gookme/packages/test-helpers/helpers.go:35.16,37.3 1 0
github.com/LMaxence/gookme/packages/test-helpers/helpers.go:39.2,41.16 3 5
github.com/LMaxence/gookme/packages/test-helpers/helpers.go:41.16,43.3 1 0
github.com/LMaxence/gookme/packages/test-helpers/helpers.go:44.2,47.12 3 5
github.com/LMaxence/gookme/packages/git-client/command.go:7.86,9.17 2 15
github.com/LMaxence/gookme/packages/git-client/command.go:9.17,11.3 1 15
github.com/LMaxence/gookme/packages/git-client/command.go:13.2,15.16 2 15
github.com/LMaxence/gookme/packages/git-client/command.go:15.16,17.3 1 2
github.com/LMaxence/gookme/packages/git-client/command.go:19.2,19.19 1 13
github.com/LMaxence/gookme/packages/git-client/command.go:19.19,21.3 1 9
github.com/LMaxence/gookme/packages/git-client/command.go:23.2,23.25 1 4
github.com/LMaxence/gookme/packages/git-client/repo_path.go:10.49,12.18 1 4
github.com/LMaxence/gookme/packages/git-client/repo_path.go:12.18,14.17 2 1
github.com/LMaxence/gookme/packages/git-client/repo_path.go:14.17,16.4 1 0
github.com/LMaxence/gookme/packages/git-client/repo_path.go:18.3,18.16 1 1
github.com/LMaxence/gookme/packages/git-client/repo_path.go:22.2,24.16 2 4
github.com/LMaxence/gookme/packages/git-client/repo_path.go:24.16,26.3 1 2
github.com/LMaxence/gookme/packages/git-client/repo_path.go:28.2,28.44 1 2
github.com/LMaxence/gookme/packages/git-client/staged_files.go:7.56,10.16 2 2
github.com/LMaxence/gookme/packages/git-client/staged_files.go:10.16,12.3 1 0
github.com/LMaxence/gookme/packages/git-client/staged_files.go:14.2,14.46 1 2
github.com/LMaxence/gookme/packages/git-client/staged_files.go:17.59,20.16 2 2
github.com/LMaxence/gookme/packages/git-client/staged_files.go:20.16,22.3 1 0
github.com/LMaxence/gookme/packages/git-client/staged_files.go:24.2,24.46 1 2
github.com/LMaxence/gookme/packages/test-helpers/helpers.go:10.36,13.16 2 5
github.com/LMaxence/gookme/packages/test-helpers/helpers.go:13.16,15.3 1 0
github.com/LMaxence/gookme/packages/test-helpers/helpers.go:17.2,25.16 6 5
github.com/LMaxence/gookme/packages/test-helpers/helpers.go:25.16,27.3 1 0
github.com/LMaxence/gookme/packages/test-helpers/helpers.go:29.2,29.18 1 5
github.com/LMaxence/gookme/packages/test-helpers/helpers.go:32.59,35.16 2 0
github.com/LMaxence/gookme/packages/test-helpers/helpers.go:35.16,37.3 1 0
github.com/LMaxence/gookme/packages/test-helpers/helpers.go:39.2,41.16 3 0
github.com/LMaxence/gookme/packages/test-helpers/helpers.go:41.16,43.3 1 0
github.com/LMaxence/gookme/packages/test-helpers/helpers.go:44.2,47.12 3 0
